<?xml version="1.0" encoding="UTF-8"?>
<!-- Generated by org.testng.reporters.JUnitReportReporter -->
<testsuite hostname="DESKTOP-M3LFRSK" failures="0" tests="1" name="Development.child" time="1.181" errors="0" timestamp="2022-07-26T18:16:15 IST" skipped="0">
  <testcase classname="Development.child" name="chilclass" time="1.181"/>
  <system-out/>
</testsuite> <!-- Development.child -->
