<?xml version="1.0" encoding="UTF-8"?>
<!-- Generated by org.testng.reporters.JUnitReportReporter -->
<testsuite hostname="DESKTOP-M3LFRSK" failures="0" tests="1" name="Development.New_User" time="5.814" errors="0" timestamp="2022-08-01T15:47:20 IST" skipped="0">
  <testcase classname="Development.New_User" name="OTP_Verification" time="5.814"/>
  <system-out/>
</testsuite> <!-- Development.New_User -->
