<?xml version="1.0" encoding="UTF-8"?>
<!-- Generated by org.testng.reporters.JUnitReportReporter -->
<testsuite hostname="DESKTOP-M3LFRSK" failures="0" tests="1" name="Development.Rough" time="6.037" errors="0" timestamp="2022-08-01T14:58:04 IST" skipped="0">
  <testcase classname="Development.Rough" name="rough" time="6.037"/>
  <system-out/>
</testsuite> <!-- Development.Rough -->
