<?xml version="1.0" encoding="UTF-8"?>
<!-- Generated by org.testng.reporters.JUnitReportReporter -->
<testsuite hostname="DESKTOP-M3LFRSK" failures="0" tests="1" name="Development.parent" time="6.316" errors="0" timestamp="2022-07-30T19:49:26 IST" skipped="0">
  <testcase classname="Development.parent" name="thy" time="6.316"/>
  <system-out/>
</testsuite> <!-- Development.parent -->
