<?xml version="1.0" encoding="UTF-8"?>
<!-- Generated by org.testng.reporters.JUnitReportReporter -->
<testsuite hostname="DESKTOP-M3LFRSK" failures="0" tests="1" name="Development.Firstblastit_API_Login" time="7.494" errors="0" timestamp="2022-07-30T19:03:48 IST" skipped="0">
  <testcase classname="Development.Firstblastit_API_Login" name="login" time="7.494"/>
  <system-out/>
</testsuite> <!-- Development.Firstblastit_API_Login -->
