<?xml version="1.0" encoding="UTF-8"?>
<!-- Generated by org.testng.reporters.JUnitReportReporter -->
<testsuite hostname="DESKTOP-M3LFRSK" failures="0" tests="1" name="Development.pclass" time="5.985" errors="0" timestamp="2022-08-01T14:49:10 IST" skipped="0">
  <testcase classname="Development.pclass" name="rough" time="5.985"/>
  <system-out/>
</testsuite> <!-- Development.pclass -->
