<?xml version="1.0" encoding="UTF-8"?>
<!-- Generated by org.testng.reporters.JUnitReportReporter -->
<testsuite hostname="DESKTOP-M3LFRSK" failures="0" tests="1" name="Development.Registration" time="0.011" errors="0" timestamp="2022-07-16T18:03:41 IST" skipped="0">
  <testcase classname="Development.Registration" name="demo" time="0.011"/>
  <system-out/>
</testsuite> <!-- Development.Registration -->
